{
  message: 'Error: user is not defined',
  level: 'error',
  timestamp: '2022-12-27T22:12:53.486Z'
}
{
  message: 'Error: user is not defined',
  level: 'error',
  timestamp: '2022-12-27T22:14:03.964Z'
}
{
  message: 'Error: user is not defined',
  level: 'error',
  timestamp: '2022-12-27T22:15:02.886Z'
}
{
  message: 'Error: user is not defined',
  level: 'error',
  timestamp: '2022-12-27T22:15:50.678Z'
}
{
  message: 'Error: avatar is not defined',
  level: 'error',
  timestamp: '2022-12-27T22:25:01.973Z'
}
{ level: 'error', timestamp: '2022-12-27T22:58:53.806Z' }
{
  code: 'EAUTH',
  command: 'API',
  level: 'error',
  timestamp: '2022-12-27T23:00:51.295Z'
}
{
  code: 'EAUTH',
  command: 'API',
  level: 'error',
  timestamp: '2022-12-27T23:01:26.825Z'
}
{
  message: "Error: Cannot destructure property 'email' of 'user' as it is undefined.",
  level: 'error',
  timestamp: '2022-12-28T14:26:46.930Z'
}
{
  message: 'Error: email is not defined',
  level: 'error',
  timestamp: '2022-12-28T14:27:13.224Z'
}
{
  message: 'Error: email is not defined',
  level: 'error',
  timestamp: '2022-12-28T14:27:15.866Z'
}
{
  message: 'Error: email is not defined',
  level: 'error',
  timestamp: '2022-12-28T14:27:22.049Z'
}
{
  message: 'Error: email is not defined',
  level: 'error',
  timestamp: '2022-12-28T14:27:48.838Z'
}
{
  message: 'Error: email is not defined',
  level: 'error',
  timestamp: '2022-12-28T14:28:26.772Z'
}
{
  message: 'Error: email is not defined',
  level: 'error',
  timestamp: '2022-12-28T14:28:31.764Z'
}
{
  message: "Error: Cannot destructure property 'email' of 'user[0]' as it is undefined.",
  level: 'error',
  timestamp: '2022-12-28T16:33:20.767Z'
}
{
  message: "Error: Cannot destructure property 'email' of 'user[0]' as it is undefined.",
  level: 'error',
  timestamp: '2022-12-28T16:33:30.233Z'
}
{
  message: "Error: Cannot destructure property 'email' of 'user[0]' as it is undefined.",
  level: 'error',
  timestamp: '2022-12-28T16:33:40.075Z'
}
{
  message: "Error: Cannot destructure property 'email' of 'user[0]' as it is undefined.",
  level: 'error',
  timestamp: '2022-12-28T16:33:50.382Z'
}
{
  message: "Error: Cannot destructure property 'email' of 'user[0]' as it is undefined.",
  level: 'error',
  timestamp: '2022-12-28T16:33:59.572Z'
}
{
  message: "Error: Cannot destructure property 'email' of 'user[0]' as it is undefined.",
  level: 'error',
  timestamp: '2022-12-28T16:57:00.060Z'
}
{
  message: 'Error: render is not defined',
  level: 'error',
  timestamp: '2022-12-28T20:27:49.288Z'
}
{ level: 'error', timestamp: '2022-12-28T21:00:17.334Z' }
{ level: 'error', timestamp: '2022-12-28T21:02:56.137Z' }
{ level: 'error', timestamp: '2022-12-28T21:03:03.998Z' }
{ level: 'error', timestamp: '2022-12-28T21:03:04.251Z' }
{
  messageFormat: undefined,
  stringValue: '"ObjectId("63ab4fa7a6c3fce7ace0ec31")"',
  kind: 'ObjectId',
  value: 'ObjectId("63ab4fa7a6c3fce7ace0ec31")',
  path: '_id',
  reason: BSONTypeError: Argument passed in must be a string of 12 bytes or a string of 24 hex characters or an integer
      at new BSONTypeError (D:\Escritorio\IT\Cursos\Programacion\CODERHOUSE\4-Backend\Desafios\Desafio\node_modules\bson\lib\error.js:41:28)
      at new ObjectId (D:\Escritorio\IT\Cursos\Programacion\CODERHOUSE\4-Backend\Desafios\Desafio\node_modules\bson\lib\objectid.js:67:23)
      at castObjectId (D:\Escritorio\IT\Cursos\Programacion\CODERHOUSE\4-Backend\Desafios\Desafio\node_modules\mongoose\lib\cast\objectid.js:25:12)
      at ObjectId.cast (D:\Escritorio\IT\Cursos\Programacion\CODERHOUSE\4-Backend\Desafios\Desafio\node_modules\mongoose\lib\schema\objectid.js:246:12)
      at ObjectId.SchemaType.applySetters (D:\Escritorio\IT\Cursos\Programacion\CODERHOUSE\4-Backend\Desafios\Desafio\node_modules\mongoose\lib\schematype.js:1201:12)
      at ObjectId.SchemaType._castForQuery (D:\Escritorio\IT\Cursos\Programacion\CODERHOUSE\4-Backend\Desafios\Desafio\node_modules\mongoose\lib\schematype.js:1648:15)
      at ObjectId.SchemaType.castForQuery (D:\Escritorio\IT\Cursos\Programacion\CODERHOUSE\4-Backend\Desafios\Desafio\node_modules\mongoose\lib\schematype.js:1636:15)
      at ObjectId.SchemaType.castForQueryWrapper (D:\Escritorio\IT\Cursos\Programacion\CODERHOUSE\4-Backend\Desafios\Desafio\node_modules\mongoose\lib\schematype.js:1612:20)
      at cast (D:\Escritorio\IT\Cursos\Programacion\CODERHOUSE\4-Backend\Desafios\Desafio\node_modules\mongoose\lib\cast.js:342:32)
      at model.Query.Query.cast (D:\Escritorio\IT\Cursos\Programacion\CODERHOUSE\4-Backend\Desafios\Desafio\node_modules\mongoose\lib\query.js:5319:12),
  valueType: 'string',
  level: 'error',
  timestamp: '2022-12-28T21:03:28.801Z'
}
{
  messageFormat: undefined,
  stringValue: '"ObjectId("63ab4fa7a6c3fce7ace0ec31")"',
  kind: 'ObjectId',
  value: 'ObjectId("63ab4fa7a6c3fce7ace0ec31")',
  path: '_id',
  reason: BSONTypeError: Argument passed in must be a string of 12 bytes or a string of 24 hex characters or an integer
      at new BSONTypeError (D:\Escritorio\IT\Cursos\Programacion\CODERHOUSE\4-Backend\Desafios\Desafio\node_modules\bson\lib\error.js:41:28)
      at new ObjectId (D:\Escritorio\IT\Cursos\Programacion\CODERHOUSE\4-Backend\Desafios\Desafio\node_modules\bson\lib\objectid.js:67:23)
      at castObjectId (D:\Escritorio\IT\Cursos\Programacion\CODERHOUSE\4-Backend\Desafios\Desafio\node_modules\mongoose\lib\cast\objectid.js:25:12)
      at ObjectId.cast (D:\Escritorio\IT\Cursos\Programacion\CODERHOUSE\4-Backend\Desafios\Desafio\node_modules\mongoose\lib\schema\objectid.js:246:12)
      at ObjectId.SchemaType.applySetters (D:\Escritorio\IT\Cursos\Programacion\CODERHOUSE\4-Backend\Desafios\Desafio\node_modules\mongoose\lib\schematype.js:1201:12)
      at ObjectId.SchemaType._castForQuery (D:\Escritorio\IT\Cursos\Programacion\CODERHOUSE\4-Backend\Desafios\Desafio\node_modules\mongoose\lib\schematype.js:1648:15)
      at ObjectId.SchemaType.castForQuery (D:\Escritorio\IT\Cursos\Programacion\CODERHOUSE\4-Backend\Desafios\Desafio\node_modules\mongoose\lib\schematype.js:1636:15)
      at ObjectId.SchemaType.castForQueryWrapper (D:\Escritorio\IT\Cursos\Programacion\CODERHOUSE\4-Backend\Desafios\Desafio\node_modules\mongoose\lib\schematype.js:1612:20)
      at cast (D:\Escritorio\IT\Cursos\Programacion\CODERHOUSE\4-Backend\Desafios\Desafio\node_modules\mongoose\lib\cast.js:342:32)
      at model.Query.Query.cast (D:\Escritorio\IT\Cursos\Programacion\CODERHOUSE\4-Backend\Desafios\Desafio\node_modules\mongoose\lib\query.js:5319:12),
  valueType: 'string',
  level: 'error',
  timestamp: '2022-12-28T21:03:29.636Z'
}
{
  messageFormat: undefined,
  stringValue: '"ObjectId(63ab4fa7a6c3fce7ace0ec31)"',
  kind: 'ObjectId',
  value: 'ObjectId(63ab4fa7a6c3fce7ace0ec31)',
  path: '_id',
  reason: BSONTypeError: Argument passed in must be a string of 12 bytes or a string of 24 hex characters or an integer
      at new BSONTypeError (D:\Escritorio\IT\Cursos\Programacion\CODERHOUSE\4-Backend\Desafios\Desafio\node_modules\bson\lib\error.js:41:28)
      at new ObjectId (D:\Escritorio\IT\Cursos\Programacion\CODERHOUSE\4-Backend\Desafios\Desafio\node_modules\bson\lib\objectid.js:67:23)
      at castObjectId (D:\Escritorio\IT\Cursos\Programacion\CODERHOUSE\4-Backend\Desafios\Desafio\node_modules\mongoose\lib\cast\objectid.js:25:12)
      at ObjectId.cast (D:\Escritorio\IT\Cursos\Programacion\CODERHOUSE\4-Backend\Desafios\Desafio\node_modules\mongoose\lib\schema\objectid.js:246:12)
      at ObjectId.SchemaType.applySetters (D:\Escritorio\IT\Cursos\Programacion\CODERHOUSE\4-Backend\Desafios\Desafio\node_modules\mongoose\lib\schematype.js:1201:12)
      at ObjectId.SchemaType._castForQuery (D:\Escritorio\IT\Cursos\Programacion\CODERHOUSE\4-Backend\Desafios\Desafio\node_modules\mongoose\lib\schematype.js:1648:15)
      at ObjectId.SchemaType.castForQuery (D:\Escritorio\IT\Cursos\Programacion\CODERHOUSE\4-Backend\Desafios\Desafio\node_modules\mongoose\lib\schematype.js:1636:15)
      at ObjectId.SchemaType.castForQueryWrapper (D:\Escritorio\IT\Cursos\Programacion\CODERHOUSE\4-Backend\Desafios\Desafio\node_modules\mongoose\lib\schematype.js:1612:20)
      at cast (D:\Escritorio\IT\Cursos\Programacion\CODERHOUSE\4-Backend\Desafios\Desafio\node_modules\mongoose\lib\cast.js:342:32)
      at model.Query.Query.cast (D:\Escritorio\IT\Cursos\Programacion\CODERHOUSE\4-Backend\Desafios\Desafio\node_modules\mongoose\lib\query.js:5319:12),
  valueType: 'string',
  level: 'error',
  timestamp: '2022-12-28T21:03:43.435Z'
}
{
  messageFormat: undefined,
  stringValue: '"ObjectId(63ab4fa7a6c3fce7ace0ec31)"',
  kind: 'ObjectId',
  value: 'ObjectId(63ab4fa7a6c3fce7ace0ec31)',
  path: '_id',
  reason: BSONTypeError: Argument passed in must be a string of 12 bytes or a string of 24 hex characters or an integer
      at new BSONTypeError (D:\Escritorio\IT\Cursos\Programacion\CODERHOUSE\4-Backend\Desafios\Desafio\node_modules\bson\lib\error.js:41:28)
      at new ObjectId (D:\Escritorio\IT\Cursos\Programacion\CODERHOUSE\4-Backend\Desafios\Desafio\node_modules\bson\lib\objectid.js:67:23)
      at castObjectId (D:\Escritorio\IT\Cursos\Programacion\CODERHOUSE\4-Backend\Desafios\Desafio\node_modules\mongoose\lib\cast\objectid.js:25:12)
      at ObjectId.cast (D:\Escritorio\IT\Cursos\Programacion\CODERHOUSE\4-Backend\Desafios\Desafio\node_modules\mongoose\lib\schema\objectid.js:246:12)
      at ObjectId.SchemaType.applySetters (D:\Escritorio\IT\Cursos\Programacion\CODERHOUSE\4-Backend\Desafios\Desafio\node_modules\mongoose\lib\schematype.js:1201:12)
      at ObjectId.SchemaType._castForQuery (D:\Escritorio\IT\Cursos\Programacion\CODERHOUSE\4-Backend\Desafios\Desafio\node_modules\mongoose\lib\schematype.js:1648:15)
      at ObjectId.SchemaType.castForQuery (D:\Escritorio\IT\Cursos\Programacion\CODERHOUSE\4-Backend\Desafios\Desafio\node_modules\mongoose\lib\schematype.js:1636:15)
      at ObjectId.SchemaType.castForQueryWrapper (D:\Escritorio\IT\Cursos\Programacion\CODERHOUSE\4-Backend\Desafios\Desafio\node_modules\mongoose\lib\schematype.js:1612:20)
      at cast (D:\Escritorio\IT\Cursos\Programacion\CODERHOUSE\4-Backend\Desafios\Desafio\node_modules\mongoose\lib\cast.js:342:32)
      at model.Query.Query.cast (D:\Escritorio\IT\Cursos\Programacion\CODERHOUSE\4-Backend\Desafios\Desafio\node_modules\mongoose\lib\query.js:5319:12),
  valueType: 'string',
  level: 'error',
  timestamp: '2022-12-28T21:03:43.678Z'
}
{
  messageFormat: undefined,
  stringValue: '"ObjectId(63ab4fa7a6c3fce7ace0ec31)"',
  kind: 'ObjectId',
  value: 'ObjectId(63ab4fa7a6c3fce7ace0ec31)',
  path: '_id',
  reason: BSONTypeError: Argument passed in must be a string of 12 bytes or a string of 24 hex characters or an integer
      at new BSONTypeError (D:\Escritorio\IT\Cursos\Programacion\CODERHOUSE\4-Backend\Desafios\Desafio\node_modules\bson\lib\error.js:41:28)
      at new ObjectId (D:\Escritorio\IT\Cursos\Programacion\CODERHOUSE\4-Backend\Desafios\Desafio\node_modules\bson\lib\objectid.js:67:23)
      at castObjectId (D:\Escritorio\IT\Cursos\Programacion\CODERHOUSE\4-Backend\Desafios\Desafio\node_modules\mongoose\lib\cast\objectid.js:25:12)
      at ObjectId.cast (D:\Escritorio\IT\Cursos\Programacion\CODERHOUSE\4-Backend\Desafios\Desafio\node_modules\mongoose\lib\schema\objectid.js:246:12)
      at ObjectId.SchemaType.applySetters (D:\Escritorio\IT\Cursos\Programacion\CODERHOUSE\4-Backend\Desafios\Desafio\node_modules\mongoose\lib\schematype.js:1201:12)
      at ObjectId.SchemaType._castForQuery (D:\Escritorio\IT\Cursos\Programacion\CODERHOUSE\4-Backend\Desafios\Desafio\node_modules\mongoose\lib\schematype.js:1648:15)
      at ObjectId.SchemaType.castForQuery (D:\Escritorio\IT\Cursos\Programacion\CODERHOUSE\4-Backend\Desafios\Desafio\node_modules\mongoose\lib\schematype.js:1636:15)
      at ObjectId.SchemaType.castForQueryWrapper (D:\Escritorio\IT\Cursos\Programacion\CODERHOUSE\4-Backend\Desafios\Desafio\node_modules\mongoose\lib\schematype.js:1612:20)
      at cast (D:\Escritorio\IT\Cursos\Programacion\CODERHOUSE\4-Backend\Desafios\Desafio\node_modules\mongoose\lib\cast.js:342:32)
      at model.Query.Query.cast (D:\Escritorio\IT\Cursos\Programacion\CODERHOUSE\4-Backend\Desafios\Desafio\node_modules\mongoose\lib\query.js:5319:12),
  valueType: 'string',
  level: 'error',
  timestamp: '2022-12-28T21:04:14.811Z'
}
{
  messageFormat: undefined,
  stringValue: '"ObjectId(63ab4fa7a6c3fce7ace0ec31)"',
  kind: 'ObjectId',
  value: 'ObjectId(63ab4fa7a6c3fce7ace0ec31)',
  path: '_id',
  reason: BSONTypeError: Argument passed in must be a string of 12 bytes or a string of 24 hex characters or an integer
      at new BSONTypeError (D:\Escritorio\IT\Cursos\Programacion\CODERHOUSE\4-Backend\Desafios\Desafio\node_modules\bson\lib\error.js:41:28)
      at new ObjectId (D:\Escritorio\IT\Cursos\Programacion\CODERHOUSE\4-Backend\Desafios\Desafio\node_modules\bson\lib\objectid.js:67:23)
      at castObjectId (D:\Escritorio\IT\Cursos\Programacion\CODERHOUSE\4-Backend\Desafios\Desafio\node_modules\mongoose\lib\cast\objectid.js:25:12)
      at ObjectId.cast (D:\Escritorio\IT\Cursos\Programacion\CODERHOUSE\4-Backend\Desafios\Desafio\node_modules\mongoose\lib\schema\objectid.js:246:12)
      at ObjectId.SchemaType.applySetters (D:\Escritorio\IT\Cursos\Programacion\CODERHOUSE\4-Backend\Desafios\Desafio\node_modules\mongoose\lib\schematype.js:1201:12)
      at ObjectId.SchemaType._castForQuery (D:\Escritorio\IT\Cursos\Programacion\CODERHOUSE\4-Backend\Desafios\Desafio\node_modules\mongoose\lib\schematype.js:1648:15)
      at ObjectId.SchemaType.castForQuery (D:\Escritorio\IT\Cursos\Programacion\CODERHOUSE\4-Backend\Desafios\Desafio\node_modules\mongoose\lib\schematype.js:1636:15)
      at ObjectId.SchemaType.castForQueryWrapper (D:\Escritorio\IT\Cursos\Programacion\CODERHOUSE\4-Backend\Desafios\Desafio\node_modules\mongoose\lib\schematype.js:1612:20)
      at cast (D:\Escritorio\IT\Cursos\Programacion\CODERHOUSE\4-Backend\Desafios\Desafio\node_modules\mongoose\lib\cast.js:342:32)
      at model.Query.Query.cast (D:\Escritorio\IT\Cursos\Programacion\CODERHOUSE\4-Backend\Desafios\Desafio\node_modules\mongoose\lib\query.js:5319:12),
  valueType: 'string',
  level: 'error',
  timestamp: '2022-12-28T21:04:25.058Z'
}
